<?xml version="1.0" encoding="UTF-8"?>
<testsuite name="MultipleSourcesTask7Tests" tests="1" skipped="0" failures="0" errors="0" timestamp="2023-01-09T23:00:50" hostname="DESKTOP-QN67D7A" time="0.207">
  <properties/>
  <testcase name="testSolution()" classname="MultipleSourcesTask7Tests" time="0.207"/>
  <system-out><![CDATA[01:00:50.866 [Test worker] DEBUG reactor.util.Loggers - Using Slf4j logging framework
]]></system-out>
  <system-err><![CDATA[]]></system-err>
</testsuite>
