<?xml version="1.0" encoding="UTF-8"?>
<testsuite name="BackpressureTask2Tests" tests="1" skipped="0" failures="0" errors="0" timestamp="2023-01-10T08:43:13" hostname="DESKTOP-QN67D7A" time="0.288">
  <properties/>
  <testcase name="testSolution()" classname="BackpressureTask2Tests" time="0.288"/>
  <system-out><![CDATA[10:43:13.962 [Test worker] DEBUG reactor.util.Loggers - Using Slf4j logging framework
]]></system-out>
  <system-err><![CDATA[]]></system-err>
</testsuite>
