<?xml version="1.0" encoding="UTF-8"?>
<testsuite name="MultithreadingOperatorsTask5Tests" tests="2" skipped="0" failures="0" errors="0" timestamp="2023-01-10T14:14:22" hostname="DESKTOP-QN67D7A" time="1.802">
  <properties/>
  <testcase name="testSolution()" classname="MultithreadingOperatorsTask5Tests" time="0.763"/>
  <testcase name="testSolution1()" classname="MultithreadingOperatorsTask5Tests" time="1.037"/>
  <system-out><![CDATA[16:14:22.720 [Test worker] DEBUG reactor.util.Loggers - Using Slf4j logging framework
]]></system-out>
  <system-err><![CDATA[]]></system-err>
</testsuite>
