<?xml version="1.0" encoding="UTF-8"?>
<testsuite name="BackpressureTask4Tests" tests="1" skipped="0" failures="0" errors="0" timestamp="2023-01-10T14:13:09" hostname="DESKTOP-QN67D7A" time="0.342">
  <properties/>
  <testcase name="testSolution()" classname="BackpressureTask4Tests" time="0.342"/>
  <system-out><![CDATA[16:13:09.683 [Test worker] DEBUG reactor.util.Loggers - Using Slf4j logging framework
16:13:09.890 [Test worker] DEBUG reactor.core.publisher.Operators - onNextDropped: TestStatistic{query='test0'}
16:13:09.890 [Test worker] DEBUG reactor.core.publisher.Operators - onNextDropped: TestStatistic{query='test4'}
]]></system-out>
  <system-err><![CDATA[]]></system-err>
</testsuite>
