<?xml version="1.0" encoding="UTF-8"?>
<testsuite name="CommonPublishersTask3Tests" tests="1" skipped="0" failures="0" errors="0" timestamp="2023-01-09T14:10:31" hostname="DESKTOP-QN67D7A" time="0.723">
  <properties/>
  <testcase name="testSolution()" classname="CommonPublishersTask3Tests" time="0.723"/>
  <system-out><![CDATA[16:10:31.688 [Test worker] DEBUG reactor.util.Loggers - Using Slf4j logging framework
]]></system-out>
  <system-err><![CDATA[]]></system-err>
</testsuite>
