<?xml version="1.0" encoding="UTF-8"?>
<testsuite name="TestingTask2Tests" tests="1" skipped="0" failures="0" errors="0" timestamp="2023-01-09T21:36:40" hostname="DESKTOP-QN67D7A" time="0.298">
  <properties/>
  <testcase name="testSolution()" classname="TestingTask2Tests" time="0.298"/>
  <system-out><![CDATA[23:36:40.325 [Thread-3] DEBUG reactor.util.Loggers - Using Slf4j logging framework
]]></system-out>
  <system-err><![CDATA[]]></system-err>
</testsuite>
