<?xml version="1.0" encoding="UTF-8"?>
<testsuite name="ContextTask2Tests" tests="1" skipped="0" failures="0" errors="0" timestamp="2023-01-10T14:12:20" hostname="DESKTOP-QN67D7A" time="0.325">
  <properties/>
  <testcase name="testSolution()" classname="ContextTask2Tests" time="0.325"/>
  <system-out><![CDATA[16:12:20.896 [Test worker] DEBUG reactor.util.Loggers - Using Slf4j logging framework
]]></system-out>
  <system-err><![CDATA[]]></system-err>
</testsuite>
