<?xml version="1.0" encoding="UTF-8"?>
<testsuite name="MultipleSourcesTask4Tests" tests="1" skipped="0" failures="0" errors="0" timestamp="2023-01-09T22:04:47" hostname="DESKTOP-QN67D7A" time="0.254">
  <properties/>
  <testcase name="testSolution()" classname="MultipleSourcesTask4Tests" time="0.254"/>
  <system-out><![CDATA[00:04:47.528 [Test worker] DEBUG reactor.util.Loggers - Using Slf4j logging framework
]]></system-out>
  <system-err><![CDATA[]]></system-err>
</testsuite>
