<?xml version="1.0" encoding="UTF-8"?>
<testsuite name="service.external.CryptoServiceTests" tests="3" skipped="0" failures="0" errors="0" timestamp="2023-01-11T14:42:52" hostname="DESKTOP-QN67D7A" time="0.329">
  <properties/>
  <testcase name="verifyThatSupportReplayMode()" classname="service.external.CryptoServiceTests" time="0.186"/>
  <testcase name="verifyThatSupportMultiSubscribers()" classname="service.external.CryptoServiceTests" time="0.063"/>
  <testcase name="verifyThatSupportIsolationAndResilience()" classname="service.external.CryptoServiceTests" time="0.078"/>
  <system-out><![CDATA[16:42:52.652 [Test worker] DEBUG reactor.util.Loggers - Using Slf4j logging framework
]]></system-out>
  <system-err><![CDATA[]]></system-err>
</testsuite>
