<?xml version="1.0" encoding="UTF-8"?>
<testsuite name="MultipleSourcesTask5Tests" tests="1" skipped="0" failures="0" errors="0" timestamp="2023-01-09T22:26:15" hostname="DESKTOP-QN67D7A" time="0.241">
  <properties/>
  <testcase name="testSolution()" classname="MultipleSourcesTask5Tests" time="0.241"/>
  <system-out><![CDATA[00:26:16.069 [Test worker] DEBUG reactor.util.Loggers - Using Slf4j logging framework
]]></system-out>
  <system-err><![CDATA[]]></system-err>
</testsuite>
