<?xml version="1.0" encoding="UTF-8"?>
<testsuite name="CommonPublishersTask2Tests" tests="1" skipped="0" failures="0" errors="0" timestamp="2023-01-09T13:59:51" hostname="DESKTOP-QN67D7A" time="0.679">
  <properties/>
  <testcase name="testSolution()" classname="CommonPublishersTask2Tests" time="0.679"/>
  <system-out><![CDATA[15:59:52.017 [Test worker] DEBUG reactor.util.Loggers - Using Slf4j logging framework
]]></system-out>
  <system-err><![CDATA[]]></system-err>
</testsuite>
