<?xml version="1.0" encoding="UTF-8"?>
<testsuite name="BackpressureTask3Tests" tests="1" skipped="0" failures="0" errors="0" timestamp="2023-01-10T14:12:59" hostname="DESKTOP-QN67D7A" time="0.336">
  <properties/>
  <testcase name="testSolution()" classname="BackpressureTask3Tests" time="0.336"/>
  <system-out><![CDATA[16:12:59.444 [Test worker] DEBUG reactor.util.Loggers - Using Slf4j logging framework
]]></system-out>
  <system-err><![CDATA[]]></system-err>
</testsuite>
