<?xml version="1.0" encoding="UTF-8"?>
<testsuite name="CPTask2Tests" tests="1" skipped="0" failures="0" errors="0" timestamp="2023-01-11T10:48:07" hostname="DESKTOP-QN67D7A" time="1.343">
  <properties/>
  <testcase name="findVideoTest()" classname="CPTask2Tests" time="1.343"/>
  <system-out><![CDATA[12:48:07.833 [Test worker] DEBUG reactor.util.Loggers - Using Slf4j logging framework
]]></system-out>
  <system-err><![CDATA[]]></system-err>
</testsuite>
