<?xml version="1.0" encoding="UTF-8"?>
<testsuite name="TestingTask1Tests" tests="1" skipped="0" failures="0" errors="0" timestamp="2023-01-09T20:02:08" hostname="DESKTOP-QN67D7A" time="0.265">
  <properties/>
  <testcase name="testSolution()" classname="TestingTask1Tests" time="0.265"/>
  <system-out><![CDATA[22:02:09.049 [Test worker] DEBUG reactor.util.Loggers - Using Slf4j logging framework
]]></system-out>
  <system-err><![CDATA[]]></system-err>
</testsuite>
