<?xml version="1.0" encoding="UTF-8"?>
<testsuite name="ResilienceTask8Tests" tests="4" skipped="0" failures="0" errors="0" timestamp="2023-01-10T16:10:58" hostname="DESKTOP-QN67D7A" time="0.457">
  <properties/>
  <testcase name="testSolution()" classname="ResilienceTask8Tests" time="0.33"/>
  <testcase name="testSolution1()" classname="ResilienceTask8Tests" time="0.005"/>
  <testcase name="testSolution2()" classname="ResilienceTask8Tests" time="0.027"/>
  <testcase name="testSolution3()" classname="ResilienceTask8Tests" time="0.091"/>
  <system-out><![CDATA[18:10:58.743 [Test worker] DEBUG reactor.util.Loggers - Using Slf4j logging framework
]]></system-out>
  <system-err><![CDATA[]]></system-err>
</testsuite>
