<?xml version="1.0" encoding="UTF-8"?>
<testsuite name="ResilienceTask9Tests" tests="2" skipped="0" failures="0" errors="0" timestamp="2023-01-10T20:18:16" hostname="DESKTOP-QN67D7A" time="0.338">
  <properties/>
  <testcase name="testSolution()" classname="ResilienceTask9Tests" time="0.334"/>
  <testcase name="testSolution1()" classname="ResilienceTask9Tests" time="0.003"/>
  <system-out><![CDATA[22:18:16.620 [Test worker] DEBUG reactor.util.Loggers - Using Slf4j logging framework
]]></system-out>
  <system-err><![CDATA[]]></system-err>
</testsuite>
