<?xml version="1.0" encoding="UTF-8"?>
<testsuite name="MultipleSourcesTask6Tests" tests="1" skipped="0" failures="0" errors="0" timestamp="2023-01-09T22:28:35" hostname="DESKTOP-QN67D7A" time="0.212">
  <properties/>
  <testcase name="testSolution()" classname="MultipleSourcesTask6Tests" time="0.212"/>
  <system-out><![CDATA[00:28:35.705 [Test worker] DEBUG reactor.util.Loggers - Using Slf4j logging framework
]]></system-out>
  <system-err><![CDATA[]]></system-err>
</testsuite>
