<?xml version="1.0" encoding="UTF-8"?>
<testsuite name="MultipleSourcesTask8Tests" tests="1" skipped="0" failures="0" errors="0" timestamp="2023-01-09T23:10:49" hostname="DESKTOP-QN67D7A" time="0.244">
  <properties/>
  <testcase name="testSolution()" classname="MultipleSourcesTask8Tests" time="0.244"/>
  <system-out><![CDATA[01:10:49.401 [Test worker] DEBUG reactor.util.Loggers - Using Slf4j logging framework
]]></system-out>
  <system-err><![CDATA[]]></system-err>
</testsuite>
