<?xml version="1.0" encoding="UTF-8"?>
<testsuite name="BackpressureTask5Tests" tests="1" skipped="0" failures="0" errors="0" timestamp="2023-01-10T14:13:23" hostname="DESKTOP-QN67D7A" time="0.427">
  <properties/>
  <testcase name="testSolution()" classname="BackpressureTask5Tests" time="0.427"/>
  <system-out><![CDATA[16:13:24.008 [Test worker] DEBUG reactor.util.Loggers - Using Slf4j logging framework
]]></system-out>
  <system-err><![CDATA[]]></system-err>
</testsuite>
