<?xml version="1.0" encoding="UTF-8"?>
<testsuite name="ResilienceTask6Tests" tests="1" skipped="0" failures="0" errors="0" timestamp="2023-01-11T09:32:24" hostname="DESKTOP-QN67D7A" time="0.231">
  <properties/>
  <testcase name="testSolution()" classname="ResilienceTask6Tests" time="0.231"/>
  <system-out><![CDATA[11:32:24.583 [Test worker] DEBUG reactor.util.Loggers - Using Slf4j logging framework
]]></system-out>
  <system-err><![CDATA[Thrown an error [java.lang.ArithmeticException: / by zero] on the following element [0]
]]></system-err>
</testsuite>
