<?xml version="1.0" encoding="UTF-8"?>
<testsuite name="CommonPublishersTask5Tests" tests="1" skipped="0" failures="0" errors="0" timestamp="2023-01-09T14:57:07" hostname="DESKTOP-QN67D7A" time="0.148">
  <properties/>
  <testcase name="testSolution()" classname="CommonPublishersTask5Tests" time="0.148"/>
  <system-out><![CDATA[16:57:08.095 [Test worker] DEBUG reactor.util.Loggers - Using Slf4j logging framework
]]></system-out>
  <system-err><![CDATA[]]></system-err>
</testsuite>
