<?xml version="1.0" encoding="UTF-8"?>
<testsuite name="ResilienceTask7Tests" tests="1" skipped="0" failures="0" errors="0" timestamp="2023-01-10T14:50:17" hostname="DESKTOP-QN67D7A" time="0.255">
  <properties/>
  <testcase name="testSolution()" classname="ResilienceTask7Tests" time="0.255"/>
  <system-out><![CDATA[16:50:17.356 [Test worker] DEBUG reactor.util.Loggers - Using Slf4j logging framework
]]></system-out>
  <system-err><![CDATA[]]></system-err>
</testsuite>
