<?xml version="1.0" encoding="UTF-8"?>
<testsuite name="ResilienceTask4Tests" tests="1" skipped="0" failures="0" errors="0" timestamp="2023-01-10T14:18:01" hostname="DESKTOP-QN67D7A" time="0.322">
  <properties/>
  <testcase name="testSolution()" classname="ResilienceTask4Tests" time="0.322"/>
  <system-out><![CDATA[16:18:01.469 [Test worker] DEBUG reactor.util.Loggers - Using Slf4j logging framework
]]></system-out>
  <system-err><![CDATA[]]></system-err>
</testsuite>
