<?xml version="1.0" encoding="UTF-8"?>
<testsuite name="CommonOperatorsTask11Tests" tests="1" skipped="0" failures="0" errors="0" timestamp="2023-01-09T18:33:27" hostname="DESKTOP-QN67D7A" time="0.278">
  <properties/>
  <testcase name="testSolution()" classname="CommonOperatorsTask11Tests" time="0.278"/>
  <system-out><![CDATA[20:33:27.173 [Test worker] DEBUG reactor.util.Loggers - Using Slf4j logging framework
]]></system-out>
  <system-err><![CDATA[]]></system-err>
</testsuite>
