<?xml version="1.0" encoding="UTF-8"?>
<testsuite name="HnSTask3Tests" tests="1" skipped="0" failures="0" errors="0" timestamp="2023-01-11T09:31:16" hostname="DESKTOP-QN67D7A" time="0.269">
  <properties/>
  <testcase name="testSolution()" classname="HnSTask3Tests" time="0.269"/>
  <system-out><![CDATA[11:31:16.300 [Test worker] DEBUG reactor.util.Loggers - Using Slf4j logging framework
]]></system-out>
  <system-err><![CDATA[]]></system-err>
</testsuite>
