<?xml version="1.0" encoding="UTF-8"?>
<testsuite name="CommonOperatorsTask5Tests" tests="1" skipped="0" failures="0" errors="0" timestamp="2023-01-09T17:00:59" hostname="DESKTOP-QN67D7A" time="0.687">
  <properties/>
  <testcase name="testSolution()" classname="CommonOperatorsTask5Tests" time="0.687"/>
  <system-out><![CDATA[19:01:00.287 [Test worker] DEBUG reactor.util.Loggers - Using Slf4j logging framework
]]></system-out>
  <system-err><![CDATA[]]></system-err>
</testsuite>
