<?xml version="1.0" encoding="UTF-8"?>
<testsuite name="TestingTask3Tests" tests="1" skipped="0" failures="0" errors="0" timestamp="2023-01-09T21:57:51" hostname="DESKTOP-QN67D7A" time="0.297">
  <properties/>
  <testcase name="testSolution()" classname="TestingTask3Tests" time="0.297"/>
  <system-out><![CDATA[23:57:51.256 [Test worker] DEBUG reactor.util.Loggers - Using Slf4j logging framework
]]></system-out>
  <system-err><![CDATA[]]></system-err>
</testsuite>
