<?xml version="1.0" encoding="UTF-8"?>
<testsuite name="MultithreadingOperatorsTask3Tests" tests="1" skipped="0" failures="0" errors="0" timestamp="2023-01-11T14:31:05" hostname="DESKTOP-QN67D7A" time="1.112">
  <properties/>
  <testcase name="testSolution()" classname="MultithreadingOperatorsTask3Tests" time="1.112"/>
  <system-out><![CDATA[16:31:06.010 [Test worker] DEBUG reactor.util.Loggers - Using Slf4j logging framework
]]></system-out>
  <system-err><![CDATA[]]></system-err>
</testsuite>
