<?xml version="1.0" encoding="UTF-8"?>
<testsuite name="ResilienceTask3Tests" tests="1" skipped="0" failures="0" errors="0" timestamp="2023-01-10T14:17:26" hostname="DESKTOP-QN67D7A" time="1.457">
  <properties/>
  <testcase name="testSolution()" classname="ResilienceTask3Tests" time="1.457"/>
  <system-out><![CDATA[16:17:27.976 [Test worker] DEBUG reactor.util.Loggers - Using Slf4j logging framework
]]></system-out>
  <system-err><![CDATA[]]></system-err>
</testsuite>
