<?xml version="1.0" encoding="UTF-8"?>
<testsuite name="CPTask3Tests" tests="1" skipped="0" failures="0" errors="0" timestamp="2023-01-11T14:31:52" hostname="DESKTOP-QN67D7A" time="6.118">
  <properties/>
  <testcase name="findVideoTest()" classname="CPTask3Tests" time="6.118"/>
  <system-out><![CDATA[16:31:52.553 [Test worker] DEBUG reactor.util.Loggers - Using Slf4j logging framework
]]></system-out>
  <system-err><![CDATA[]]></system-err>
</testsuite>
