<?xml version="1.0" encoding="UTF-8"?>
<testsuite name="CommonOperatorsTask8Tests" tests="1" skipped="0" failures="0" errors="0" timestamp="2023-01-09T17:23:50" hostname="DESKTOP-QN67D7A" time="0.53">
  <properties/>
  <testcase name="testSolution()" classname="CommonOperatorsTask8Tests" time="0.53"/>
  <system-out><![CDATA[19:23:50.801 [Test worker] DEBUG reactor.util.Loggers - Using Slf4j logging framework
]]></system-out>
  <system-err><![CDATA[]]></system-err>
</testsuite>
