<?xml version="1.0" encoding="UTF-8"?>
<testsuite name="MultithreadingOperatorsTask2Tests" tests="1" skipped="0" failures="0" errors="0" timestamp="2023-01-10T14:15:18" hostname="DESKTOP-QN67D7A" time="0.314">
  <properties/>
  <testcase name="testSolution()" classname="MultithreadingOperatorsTask2Tests" time="0.314"/>
  <system-out><![CDATA[16:15:18.269 [Test worker] DEBUG reactor.util.Loggers - Using Slf4j logging framework
Threads:single-1
]]></system-out>
  <system-err><![CDATA[]]></system-err>
</testsuite>
