<?xml version="1.0" encoding="UTF-8"?>
<testsuite name="CommonPublishersTask10Tests" tests="2" skipped="0" failures="0" errors="0" timestamp="2023-01-09T15:36:15" hostname="DESKTOP-QN67D7A" time="0.28">
  <properties/>
  <testcase name="testSolution()" classname="CommonPublishersTask10Tests" time="0.254"/>
  <testcase name="testSolution1()" classname="CommonPublishersTask10Tests" time="0.024"/>
  <system-out><![CDATA[17:36:15.431 [Test worker] DEBUG reactor.util.Loggers - Using Slf4j logging framework
]]></system-out>
  <system-err><![CDATA[]]></system-err>
</testsuite>
